2014/02/08 18:50:27 [error] [exception.CHttpException.404] exception 'CHttpException' with message 'Unable to resolve the request "upload/20140207/3675445956316038_thumb.jpg".' in /Applications/MAMP/htdocs/avene_photowall/api/framework/web/CWebApplication.php:286
Stack trace:
#0 /Applications/MAMP/htdocs/avene_photowall/api/framework/web/CWebApplication.php(141): CWebApplication->runController('upload/20140207...')
#1 /Applications/MAMP/htdocs/avene_photowall/api/framework/base/CApplication.php(180): CWebApplication->processRequest()
#2 /Applications/MAMP/htdocs/avene_photowall/api/index.php(20): CApplication->run()
#3 {main}
REQUEST_URI=/avene_photowall/api/upload/20140207/3675445956316038_thumb.jpg
HTTP_REFERER=http://localhost:8888/avene_photowall/index.html
---
2014/02/08 18:50:27 [error] [exception.CHttpException.404] exception 'CHttpException' with message 'Unable to resolve the request "upload/20140207/3675445952359200_thumb.jpg".' in /Applications/MAMP/htdocs/avene_photowall/api/framework/web/CWebApplication.php:286
Stack trace:
#0 /Applications/MAMP/htdocs/avene_photowall/api/framework/web/CWebApplication.php(141): CWebApplication->runController('upload/20140207...')
#1 /Applications/MAMP/htdocs/avene_photowall/api/framework/base/CApplication.php(180): CWebApplication->processRequest()
#2 /Applications/MAMP/htdocs/avene_photowall/api/index.php(20): CApplication->run()
#3 {main}
REQUEST_URI=/avene_photowall/api/upload/20140207/3675445952359200_thumb.jpg
HTTP_REFERER=http://localhost:8888/avene_photowall/index.html
---
2014/02/08 18:50:27 [error] [exception.CHttpException.404] exception 'CHttpException' with message 'Unable to resolve the request "upload/20140207/3675445952359175_thumb.jpg".' in /Applications/MAMP/htdocs/avene_photowall/api/framework/web/CWebApplication.php:286
Stack trace:
#0 /Applications/MAMP/htdocs/avene_photowall/api/framework/web/CWebApplication.php(141): CWebApplication->runController('upload/20140207...')
#1 /Applications/MAMP/htdocs/avene_photowall/api/framework/base/CApplication.php(180): CWebApplication->processRequest()
#2 /Applications/MAMP/htdocs/avene_photowall/api/index.php(20): CApplication->run()
#3 {main}
REQUEST_URI=/avene_photowall/api/upload/20140207/3675445952359175_thumb.jpg
HTTP_REFERER=http://localhost:8888/avene_photowall/index.html
---
2014/02/08 18:50:29 [error] [exception.CHttpException.404] exception 'CHttpException' with message 'Unable to resolve the request "upload/20140207/3675445952359200_thumb.jpg".' in /Applications/MAMP/htdocs/avene_photowall/api/framework/web/CWebApplication.php:286
Stack trace:
#0 /Applications/MAMP/htdocs/avene_photowall/api/framework/web/CWebApplication.php(141): CWebApplication->runController('upload/20140207...')
#1 /Applications/MAMP/htdocs/avene_photowall/api/framework/base/CApplication.php(180): CWebApplication->processRequest()
#2 /Applications/MAMP/htdocs/avene_photowall/api/index.php(20): CApplication->run()
#3 {main}
REQUEST_URI=/avene_photowall/api/upload/20140207/3675445952359200_thumb.jpg
HTTP_REFERER=http://localhost:8888/avene_photowall/index.html
---
2014/02/08 18:50:29 [error] [exception.CHttpException.404] exception 'CHttpException' with message 'Unable to resolve the request "upload/20140207/3675445952359175_thumb.jpg".' in /Applications/MAMP/htdocs/avene_photowall/api/framework/web/CWebApplication.php:286
Stack trace:
#0 /Applications/MAMP/htdocs/avene_photowall/api/framework/web/CWebApplication.php(141): CWebApplication->runController('upload/20140207...')
#1 /Applications/MAMP/htdocs/avene_photowall/api/framework/base/CApplication.php(180): CWebApplication->processRequest()
#2 /Applications/MAMP/htdocs/avene_photowall/api/index.php(20): CApplication->run()
#3 {main}
REQUEST_URI=/avene_photowall/api/upload/20140207/3675445952359175_thumb.jpg
HTTP_REFERER=http://localhost:8888/avene_photowall/index.html
---
2014/02/08 18:50:29 [error] [exception.CHttpException.404] exception 'CHttpException' with message 'Unable to resolve the request "upload/20140207/3675445956316038_thumb.jpg".' in /Applications/MAMP/htdocs/avene_photowall/api/framework/web/CWebApplication.php:286
Stack trace:
#0 /Applications/MAMP/htdocs/avene_photowall/api/framework/web/CWebApplication.php(141): CWebApplication->runController('upload/20140207...')
#1 /Applications/MAMP/htdocs/avene_photowall/api/framework/base/CApplication.php(180): CWebApplication->processRequest()
#2 /Applications/MAMP/htdocs/avene_photowall/api/index.php(20): CApplication->run()
#3 {main}
REQUEST_URI=/avene_photowall/api/upload/20140207/3675445956316038_thumb.jpg
HTTP_REFERER=http://localhost:8888/avene_photowall/index.html
---
2014/02/08 18:50:29 [error] [exception.CHttpException.404] exception 'CHttpException' with message 'Unable to resolve the request "upload/20140207/3675445956078898_thumb.jpg".' in /Applications/MAMP/htdocs/avene_photowall/api/framework/web/CWebApplication.php:286
Stack trace:
#0 /Applications/MAMP/htdocs/avene_photowall/api/framework/web/CWebApplication.php(141): CWebApplication->runController('upload/20140207...')
#1 /Applications/MAMP/htdocs/avene_photowall/api/framework/base/CApplication.php(180): CWebApplication->processRequest()
#2 /Applications/MAMP/htdocs/avene_photowall/api/index.php(20): CApplication->run()
#3 {main}
REQUEST_URI=/avene_photowall/api/upload/20140207/3675445956078898_thumb.jpg
HTTP_REFERER=http://localhost:8888/avene_photowall/index.html
---
2014/02/08 18:50:58 [error] [exception.CHttpException.404] exception 'CHttpException' with message 'Unable to resolve the request "upload/20140207/3675445952359175_thumb.jpg".' in /Applications/MAMP/htdocs/avene_photowall/api/framework/web/CWebApplication.php:286
Stack trace:
#0 /Applications/MAMP/htdocs/avene_photowall/api/framework/web/CWebApplication.php(141): CWebApplication->runController('upload/20140207...')
#1 /Applications/MAMP/htdocs/avene_photowall/api/framework/base/CApplication.php(180): CWebApplication->processRequest()
#2 /Applications/MAMP/htdocs/avene_photowall/api/index.php(20): CApplication->run()
#3 {main}
REQUEST_URI=/avene_photowall/api/upload/20140207/3675445952359175_thumb.jpg
HTTP_REFERER=http://localhost:8888/avene_photowall/index.html
---
2014/02/08 18:50:58 [error] [exception.CHttpException.404] exception 'CHttpException' with message 'Unable to resolve the request "upload/20140207/3675445956078898_thumb.jpg".' in /Applications/MAMP/htdocs/avene_photowall/api/framework/web/CWebApplication.php:286
Stack trace:
#0 /Applications/MAMP/htdocs/avene_photowall/api/framework/web/CWebApplication.php(141): CWebApplication->runController('upload/20140207...')
#1 /Applications/MAMP/htdocs/avene_photowall/api/framework/base/CApplication.php(180): CWebApplication->processRequest()
#2 /Applications/MAMP/htdocs/avene_photowall/api/index.php(20): CApplication->run()
#3 {main}
REQUEST_URI=/avene_photowall/api/upload/20140207/3675445956078898_thumb.jpg
HTTP_REFERER=http://localhost:8888/avene_photowall/index.html
---
2014/02/08 18:50:58 [error] [exception.CHttpException.404] exception 'CHttpException' with message 'Unable to resolve the request "upload/20140207/3675445956316038_thumb.jpg".' in /Applications/MAMP/htdocs/avene_photowall/api/framework/web/CWebApplication.php:286
Stack trace:
#0 /Applications/MAMP/htdocs/avene_photowall/api/framework/web/CWebApplication.php(141): CWebApplication->runController('upload/20140207...')
#1 /Applications/MAMP/htdocs/avene_photowall/api/framework/base/CApplication.php(180): CWebApplication->processRequest()
#2 /Applications/MAMP/htdocs/avene_photowall/api/index.php(20): CApplication->run()
#3 {main}
REQUEST_URI=/avene_photowall/api/upload/20140207/3675445956316038_thumb.jpg
HTTP_REFERER=http://localhost:8888/avene_photowall/index.html
---
2014/02/08 18:50:58 [error] [exception.CHttpException.404] exception 'CHttpException' with message 'Unable to resolve the request "upload/20140207/3675445952359200_thumb.jpg".' in /Applications/MAMP/htdocs/avene_photowall/api/framework/web/CWebApplication.php:286
Stack trace:
#0 /Applications/MAMP/htdocs/avene_photowall/api/framework/web/CWebApplication.php(141): CWebApplication->runController('upload/20140207...')
#1 /Applications/MAMP/htdocs/avene_photowall/api/framework/base/CApplication.php(180): CWebApplication->processRequest()
#2 /Applications/MAMP/htdocs/avene_photowall/api/index.php(20): CApplication->run()
#3 {main}
REQUEST_URI=/avene_photowall/api/upload/20140207/3675445952359200_thumb.jpg
HTTP_REFERER=http://localhost:8888/avene_photowall/index.html
---
2014/02/08 18:50:59 [error] [exception.CHttpException.404] exception 'CHttpException' with message 'Unable to resolve the request "upload/20140207/3675445952359175_thumb.jpg".' in /Applications/MAMP/htdocs/avene_photowall/api/framework/web/CWebApplication.php:286
Stack trace:
#0 /Applications/MAMP/htdocs/avene_photowall/api/framework/web/CWebApplication.php(141): CWebApplication->runController('upload/20140207...')
#1 /Applications/MAMP/htdocs/avene_photowall/api/framework/base/CApplication.php(180): CWebApplication->processRequest()
#2 /Applications/MAMP/htdocs/avene_photowall/api/index.php(20): CApplication->run()
#3 {main}
REQUEST_URI=/avene_photowall/api/upload/20140207/3675445952359175_thumb.jpg
HTTP_REFERER=http://localhost:8888/avene_photowall/index.html
---
2014/02/08 18:51:00 [error] [exception.CHttpException.404] exception 'CHttpException' with message 'Unable to resolve the request "upload/20140207/3675445952359200_thumb.jpg".' in /Applications/MAMP/htdocs/avene_photowall/api/framework/web/CWebApplication.php:286
Stack trace:
#0 /Applications/MAMP/htdocs/avene_photowall/api/framework/web/CWebApplication.php(141): CWebApplication->runController('upload/20140207...')
#1 /Applications/MAMP/htdocs/avene_photowall/api/framework/base/CApplication.php(180): CWebApplication->processRequest()
#2 /Applications/MAMP/htdocs/avene_photowall/api/index.php(20): CApplication->run()
#3 {main}
REQUEST_URI=/avene_photowall/api/upload/20140207/3675445952359200_thumb.jpg
HTTP_REFERER=http://localhost:8888/avene_photowall/index.html
---
2014/02/08 18:51:00 [error] [exception.CHttpException.404] exception 'CHttpException' with message 'Unable to resolve the request "upload/20140207/3675445956316038_thumb.jpg".' in /Applications/MAMP/htdocs/avene_photowall/api/framework/web/CWebApplication.php:286
Stack trace:
#0 /Applications/MAMP/htdocs/avene_photowall/api/framework/web/CWebApplication.php(141): CWebApplication->runController('upload/20140207...')
#1 /Applications/MAMP/htdocs/avene_photowall/api/framework/base/CApplication.php(180): CWebApplication->processRequest()
#2 /Applications/MAMP/htdocs/avene_photowall/api/index.php(20): CApplication->run()
#3 {main}
REQUEST_URI=/avene_photowall/api/upload/20140207/3675445956316038_thumb.jpg
HTTP_REFERER=http://localhost:8888/avene_photowall/index.html
---
2014/02/08 18:51:00 [error] [exception.CHttpException.404] exception 'CHttpException' with message 'Unable to resolve the request "upload/20140207/3675445956078898_thumb.jpg".' in /Applications/MAMP/htdocs/avene_photowall/api/framework/web/CWebApplication.php:286
Stack trace:
#0 /Applications/MAMP/htdocs/avene_photowall/api/framework/web/CWebApplication.php(141): CWebApplication->runController('upload/20140207...')
#1 /Applications/MAMP/htdocs/avene_photowall/api/framework/base/CApplication.php(180): CWebApplication->processRequest()
#2 /Applications/MAMP/htdocs/avene_photowall/api/index.php(20): CApplication->run()
#3 {main}
REQUEST_URI=/avene_photowall/api/upload/20140207/3675445956078898_thumb.jpg
HTTP_REFERER=http://localhost:8888/avene_photowall/index.html
---
2014/02/08 18:51:13 [error] [exception.CHttpException.404] exception 'CHttpException' with message 'Unable to resolve the request "upload/20140207/3675445956316038_thumb.jpg".' in /Applications/MAMP/htdocs/avene_photowall/api/framework/web/CWebApplication.php:286
Stack trace:
#0 /Applications/MAMP/htdocs/avene_photowall/api/framework/web/CWebApplication.php(141): CWebApplication->runController('upload/20140207...')
#1 /Applications/MAMP/htdocs/avene_photowall/api/framework/base/CApplication.php(180): CWebApplication->processRequest()
#2 /Applications/MAMP/htdocs/avene_photowall/api/index.php(20): CApplication->run()
#3 {main}
REQUEST_URI=/avene_photowall/api/upload/20140207/3675445956316038_thumb.jpg
HTTP_REFERER=http://localhost:8888/avene_photowall/index.html
---
2014/02/08 18:51:13 [error] [exception.CHttpException.404] exception 'CHttpException' with message 'Unable to resolve the request "upload/20140207/3675445952359200_thumb.jpg".' in /Applications/MAMP/htdocs/avene_photowall/api/framework/web/CWebApplication.php:286
Stack trace:
#0 /Applications/MAMP/htdocs/avene_photowall/api/framework/web/CWebApplication.php(141): CWebApplication->runController('upload/20140207...')
#1 /Applications/MAMP/htdocs/avene_photowall/api/framework/base/CApplication.php(180): CWebApplication->processRequest()
#2 /Applications/MAMP/htdocs/avene_photowall/api/index.php(20): CApplication->run()
#3 {main}
REQUEST_URI=/avene_photowall/api/upload/20140207/3675445952359200_thumb.jpg
HTTP_REFERER=http://localhost:8888/avene_photowall/index.html
---
2014/02/08 18:51:13 [error] [exception.CHttpException.404] exception 'CHttpException' with message 'Unable to resolve the request "upload/20140207/3675445952359175_thumb.jpg".' in /Applications/MAMP/htdocs/avene_photowall/api/framework/web/CWebApplication.php:286
Stack trace:
#0 /Applications/MAMP/htdocs/avene_photowall/api/framework/web/CWebApplication.php(141): CWebApplication->runController('upload/20140207...')
#1 /Applications/MAMP/htdocs/avene_photowall/api/framework/base/CApplication.php(180): CWebApplication->processRequest()
#2 /Applications/MAMP/htdocs/avene_photowall/api/index.php(20): CApplication->run()
#3 {main}
REQUEST_URI=/avene_photowall/api/upload/20140207/3675445952359175_thumb.jpg
HTTP_REFERER=http://localhost:8888/avene_photowall/index.html
---
2014/02/08 18:51:13 [error] [exception.CHttpException.404] exception 'CHttpException' with message 'Unable to resolve the request "upload/20140207/3675445956078898_thumb.jpg".' in /Applications/MAMP/htdocs/avene_photowall/api/framework/web/CWebApplication.php:286
Stack trace:
#0 /Applications/MAMP/htdocs/avene_photowall/api/framework/web/CWebApplication.php(141): CWebApplication->runController('upload/20140207...')
#1 /Applications/MAMP/htdocs/avene_photowall/api/framework/base/CApplication.php(180): CWebApplication->processRequest()
#2 /Applications/MAMP/htdocs/avene_photowall/api/index.php(20): CApplication->run()
#3 {main}
REQUEST_URI=/avene_photowall/api/upload/20140207/3675445956078898_thumb.jpg
HTTP_REFERER=http://localhost:8888/avene_photowall/index.html
---
2014/02/08 18:51:14 [error] [exception.CHttpException.404] exception 'CHttpException' with message 'Unable to resolve the request "upload/20140207/3675445952359175_thumb.jpg".' in /Applications/MAMP/htdocs/avene_photowall/api/framework/web/CWebApplication.php:286
Stack trace:
#0 /Applications/MAMP/htdocs/avene_photowall/api/framework/web/CWebApplication.php(141): CWebApplication->runController('upload/20140207...')
#1 /Applications/MAMP/htdocs/avene_photowall/api/framework/base/CApplication.php(180): CWebApplication->processRequest()
#2 /Applications/MAMP/htdocs/avene_photowall/api/index.php(20): CApplication->run()
#3 {main}
REQUEST_URI=/avene_photowall/api/upload/20140207/3675445952359175_thumb.jpg
HTTP_REFERER=http://localhost:8888/avene_photowall/index.html
---
2014/02/08 18:51:14 [error] [exception.CHttpException.404] exception 'CHttpException' with message 'Unable to resolve the request "upload/20140207/3675445956316038_thumb.jpg".' in /Applications/MAMP/htdocs/avene_photowall/api/framework/web/CWebApplication.php:286
Stack trace:
#0 /Applications/MAMP/htdocs/avene_photowall/api/framework/web/CWebApplication.php(141): CWebApplication->runController('upload/20140207...')
#1 /Applications/MAMP/htdocs/avene_photowall/api/framework/base/CApplication.php(180): CWebApplication->processRequest()
#2 /Applications/MAMP/htdocs/avene_photowall/api/index.php(20): CApplication->run()
#3 {main}
REQUEST_URI=/avene_photowall/api/upload/20140207/3675445956316038_thumb.jpg
HTTP_REFERER=http://localhost:8888/avene_photowall/index.html
---
2014/02/08 18:51:14 [error] [exception.CHttpException.404] exception 'CHttpException' with message 'Unable to resolve the request "upload/20140207/3675445952359200_thumb.jpg".' in /Applications/MAMP/htdocs/avene_photowall/api/framework/web/CWebApplication.php:286
Stack trace:
#0 /Applications/MAMP/htdocs/avene_photowall/api/framework/web/CWebApplication.php(141): CWebApplication->runController('upload/20140207...')
#1 /Applications/MAMP/htdocs/avene_photowall/api/framework/base/CApplication.php(180): CWebApplication->processRequest()
#2 /Applications/MAMP/htdocs/avene_photowall/api/index.php(20): CApplication->run()
#3 {main}
REQUEST_URI=/avene_photowall/api/upload/20140207/3675445952359200_thumb.jpg
HTTP_REFERER=http://localhost:8888/avene_photowall/index.html
---
2014/02/08 18:51:14 [error] [exception.CHttpException.404] exception 'CHttpException' with message 'Unable to resolve the request "upload/20140207/3675445956078898_thumb.jpg".' in /Applications/MAMP/htdocs/avene_photowall/api/framework/web/CWebApplication.php:286
Stack trace:
#0 /Applications/MAMP/htdocs/avene_photowall/api/framework/web/CWebApplication.php(141): CWebApplication->runController('upload/20140207...')
#1 /Applications/MAMP/htdocs/avene_photowall/api/framework/base/CApplication.php(180): CWebApplication->processRequest()
#2 /Applications/MAMP/htdocs/avene_photowall/api/index.php(20): CApplication->run()
#3 {main}
REQUEST_URI=/avene_photowall/api/upload/20140207/3675445956078898_thumb.jpg
HTTP_REFERER=http://localhost:8888/avene_photowall/index.html
---
2014/02/08 18:51:18 [error] [exception.CHttpException.404] exception 'CHttpException' with message 'Unable to resolve the request "upload/20140207/3675445956078898_thumb.jpg".' in /Applications/MAMP/htdocs/avene_photowall/api/framework/web/CWebApplication.php:286
Stack trace:
#0 /Applications/MAMP/htdocs/avene_photowall/api/framework/web/CWebApplication.php(141): CWebApplication->runController('upload/20140207...')
#1 /Applications/MAMP/htdocs/avene_photowall/api/framework/base/CApplication.php(180): CWebApplication->processRequest()
#2 /Applications/MAMP/htdocs/avene_photowall/api/index.php(20): CApplication->run()
#3 {main}
REQUEST_URI=/avene_photowall/api/upload/20140207/3675445956078898_thumb.jpg
HTTP_REFERER=http://localhost:8888/avene_photowall/index.html
---
2014/02/08 18:51:18 [error] [exception.CHttpException.404] exception 'CHttpException' with message 'Unable to resolve the request "upload/20140207/3675445952359200_thumb.jpg".' in /Applications/MAMP/htdocs/avene_photowall/api/framework/web/CWebApplication.php:286
Stack trace:
#0 /Applications/MAMP/htdocs/avene_photowall/api/framework/web/CWebApplication.php(141): CWebApplication->runController('upload/20140207...')
#1 /Applications/MAMP/htdocs/avene_photowall/api/framework/base/CApplication.php(180): CWebApplication->processRequest()
#2 /Applications/MAMP/htdocs/avene_photowall/api/index.php(20): CApplication->run()
#3 {main}
REQUEST_URI=/avene_photowall/api/upload/20140207/3675445952359200_thumb.jpg
HTTP_REFERER=http://localhost:8888/avene_photowall/index.html
---
2014/02/08 18:51:18 [error] [exception.CHttpException.404] exception 'CHttpException' with message 'Unable to resolve the request "upload/20140207/3675445956316038_thumb.jpg".' in /Applications/MAMP/htdocs/avene_photowall/api/framework/web/CWebApplication.php:286
Stack trace:
#0 /Applications/MAMP/htdocs/avene_photowall/api/framework/web/CWebApplication.php(141): CWebApplication->runController('upload/20140207...')
#1 /Applications/MAMP/htdocs/avene_photowall/api/framework/base/CApplication.php(180): CWebApplication->processRequest()
#2 /Applications/MAMP/htdocs/avene_photowall/api/index.php(20): CApplication->run()
#3 {main}
REQUEST_URI=/avene_photowall/api/upload/20140207/3675445956316038_thumb.jpg
HTTP_REFERER=http://localhost:8888/avene_photowall/index.html
---
2014/02/08 18:51:18 [error] [exception.CHttpException.404] exception 'CHttpException' with message 'Unable to resolve the request "upload/20140207/3675445952359175_thumb.jpg".' in /Applications/MAMP/htdocs/avene_photowall/api/framework/web/CWebApplication.php:286
Stack trace:
#0 /Applications/MAMP/htdocs/avene_photowall/api/framework/web/CWebApplication.php(141): CWebApplication->runController('upload/20140207...')
#1 /Applications/MAMP/htdocs/avene_photowall/api/framework/base/CApplication.php(180): CWebApplication->processRequest()
#2 /Applications/MAMP/htdocs/avene_photowall/api/index.php(20): CApplication->run()
#3 {main}
REQUEST_URI=/avene_photowall/api/upload/20140207/3675445952359175_thumb.jpg
HTTP_REFERER=http://localhost:8888/avene_photowall/index.html
---
2014/02/08 18:51:43 [error] [exception.CHttpException.404] exception 'CHttpException' with message 'Unable to resolve the request "upload/20140207/3675445956078898_thumb.jpg".' in /Applications/MAMP/htdocs/avene_photowall/api/framework/web/CWebApplication.php:286
Stack trace:
#0 /Applications/MAMP/htdocs/avene_photowall/api/framework/web/CWebApplication.php(141): CWebApplication->runController('upload/20140207...')
#1 /Applications/MAMP/htdocs/avene_photowall/api/framework/base/CApplication.php(180): CWebApplication->processRequest()
#2 /Applications/MAMP/htdocs/avene_photowall/api/index.php(20): CApplication->run()
#3 {main}
REQUEST_URI=/avene_photowall/api/upload/20140207/3675445956078898_thumb.jpg
HTTP_REFERER=http://localhost:8888/avene_photowall/index.html
---
2014/02/08 18:51:43 [error] [exception.CHttpException.404] exception 'CHttpException' with message 'Unable to resolve the request "upload/20140207/3675445952359175_thumb.jpg".' in /Applications/MAMP/htdocs/avene_photowall/api/framework/web/CWebApplication.php:286
Stack trace:
#0 /Applications/MAMP/htdocs/avene_photowall/api/framework/web/CWebApplication.php(141): CWebApplication->runController('upload/20140207...')
#1 /Applications/MAMP/htdocs/avene_photowall/api/framework/base/CApplication.php(180): CWebApplication->processRequest()
#2 /Applications/MAMP/htdocs/avene_photowall/api/index.php(20): CApplication->run()
#3 {main}
REQUEST_URI=/avene_photowall/api/upload/20140207/3675445952359175_thumb.jpg
HTTP_REFERER=http://localhost:8888/avene_photowall/index.html
---
2014/02/08 18:51:43 [error] [exception.CHttpException.404] exception 'CHttpException' with message 'Unable to resolve the request "upload/20140207/3675445956316038_thumb.jpg".' in /Applications/MAMP/htdocs/avene_photowall/api/framework/web/CWebApplication.php:286
Stack trace:
#0 /Applications/MAMP/htdocs/avene_photowall/api/framework/web/CWebApplication.php(141): CWebApplication->runController('upload/20140207...')
#1 /Applications/MAMP/htdocs/avene_photowall/api/framework/base/CApplication.php(180): CWebApplication->processRequest()
#2 /Applications/MAMP/htdocs/avene_photowall/api/index.php(20): CApplication->run()
#3 {main}
REQUEST_URI=/avene_photowall/api/upload/20140207/3675445956316038_thumb.jpg
HTTP_REFERER=http://localhost:8888/avene_photowall/index.html
---
2014/02/08 18:51:43 [error] [exception.CHttpException.404] exception 'CHttpException' with message 'Unable to resolve the request "upload/20140207/3675445952359200_thumb.jpg".' in /Applications/MAMP/htdocs/avene_photowall/api/framework/web/CWebApplication.php:286
Stack trace:
#0 /Applications/MAMP/htdocs/avene_photowall/api/framework/web/CWebApplication.php(141): CWebApplication->runController('upload/20140207...')
#1 /Applications/MAMP/htdocs/avene_photowall/api/framework/base/CApplication.php(180): CWebApplication->processRequest()
#2 /Applications/MAMP/htdocs/avene_photowall/api/index.php(20): CApplication->run()
#3 {main}
REQUEST_URI=/avene_photowall/api/upload/20140207/3675445952359200_thumb.jpg
HTTP_REFERER=http://localhost:8888/avene_photowall/index.html
---
2014/02/08 18:51:45 [error] [exception.CHttpException.404] exception 'CHttpException' with message 'Unable to resolve the request "upload/20140207/3675445956078898_thumb.jpg".' in /Applications/MAMP/htdocs/avene_photowall/api/framework/web/CWebApplication.php:286
Stack trace:
#0 /Applications/MAMP/htdocs/avene_photowall/api/framework/web/CWebApplication.php(141): CWebApplication->runController('upload/20140207...')
#1 /Applications/MAMP/htdocs/avene_photowall/api/framework/base/CApplication.php(180): CWebApplication->processRequest()
#2 /Applications/MAMP/htdocs/avene_photowall/api/index.php(20): CApplication->run()
#3 {main}
REQUEST_URI=/avene_photowall/api/upload/20140207/3675445956078898_thumb.jpg
HTTP_REFERER=http://localhost:8888/avene_photowall/index.html
---
2014/02/08 18:51:45 [error] [exception.CHttpException.404] exception 'CHttpException' with message 'Unable to resolve the request "upload/20140207/3675445956316038_thumb.jpg".' in /Applications/MAMP/htdocs/avene_photowall/api/framework/web/CWebApplication.php:286
Stack trace:
#0 /Applications/MAMP/htdocs/avene_photowall/api/framework/web/CWebApplication.php(141): CWebApplication->runController('upload/20140207...')
#1 /Applications/MAMP/htdocs/avene_photowall/api/framework/base/CApplication.php(180): CWebApplication->processRequest()
#2 /Applications/MAMP/htdocs/avene_photowall/api/index.php(20): CApplication->run()
#3 {main}
REQUEST_URI=/avene_photowall/api/upload/20140207/3675445956316038_thumb.jpg
HTTP_REFERER=http://localhost:8888/avene_photowall/index.html
---
2014/02/08 18:51:45 [error] [exception.CHttpException.404] exception 'CHttpException' with message 'Unable to resolve the request "upload/20140207/3675445952359200_thumb.jpg".' in /Applications/MAMP/htdocs/avene_photowall/api/framework/web/CWebApplication.php:286
Stack trace:
#0 /Applications/MAMP/htdocs/avene_photowall/api/framework/web/CWebApplication.php(141): CWebApplication->runController('upload/20140207...')
#1 /Applications/MAMP/htdocs/avene_photowall/api/framework/base/CApplication.php(180): CWebApplication->processRequest()
#2 /Applications/MAMP/htdocs/avene_photowall/api/index.php(20): CApplication->run()
#3 {main}
REQUEST_URI=/avene_photowall/api/upload/20140207/3675445952359200_thumb.jpg
HTTP_REFERER=http://localhost:8888/avene_photowall/index.html
---
2014/02/08 18:51:45 [error] [exception.CHttpException.404] exception 'CHttpException' with message 'Unable to resolve the request "upload/20140207/3675445952359175_thumb.jpg".' in /Applications/MAMP/htdocs/avene_photowall/api/framework/web/CWebApplication.php:286
Stack trace:
#0 /Applications/MAMP/htdocs/avene_photowall/api/framework/web/CWebApplication.php(141): CWebApplication->runController('upload/20140207...')
#1 /Applications/MAMP/htdocs/avene_photowall/api/framework/base/CApplication.php(180): CWebApplication->processRequest()
#2 /Applications/MAMP/htdocs/avene_photowall/api/index.php(20): CApplication->run()
#3 {main}
REQUEST_URI=/avene_photowall/api/upload/20140207/3675445952359175_thumb.jpg
HTTP_REFERER=http://localhost:8888/avene_photowall/index.html
---
2014/02/08 18:52:00 [error] [exception.CHttpException.404] exception 'CHttpException' with message 'Unable to resolve the request "upload/20140207/3675445956078898_thumb.jpg".' in /Applications/MAMP/htdocs/avene_photowall/api/framework/web/CWebApplication.php:286
Stack trace:
#0 /Applications/MAMP/htdocs/avene_photowall/api/framework/web/CWebApplication.php(141): CWebApplication->runController('upload/20140207...')
#1 /Applications/MAMP/htdocs/avene_photowall/api/framework/base/CApplication.php(180): CWebApplication->processRequest()
#2 /Applications/MAMP/htdocs/avene_photowall/api/index.php(20): CApplication->run()
#3 {main}
REQUEST_URI=/avene_photowall/api/upload/20140207/3675445956078898_thumb.jpg
HTTP_REFERER=http://localhost:8888/avene_photowall/index.html
---
2014/02/08 18:52:00 [error] [exception.CHttpException.404] exception 'CHttpException' with message 'Unable to resolve the request "upload/20140207/3675445952359175_thumb.jpg".' in /Applications/MAMP/htdocs/avene_photowall/api/framework/web/CWebApplication.php:286
Stack trace:
#0 /Applications/MAMP/htdocs/avene_photowall/api/framework/web/CWebApplication.php(141): CWebApplication->runController('upload/20140207...')
#1 /Applications/MAMP/htdocs/avene_photowall/api/framework/base/CApplication.php(180): CWebApplication->processRequest()
#2 /Applications/MAMP/htdocs/avene_photowall/api/index.php(20): CApplication->run()
#3 {main}
REQUEST_URI=/avene_photowall/api/upload/20140207/3675445952359175_thumb.jpg
HTTP_REFERER=http://localhost:8888/avene_photowall/index.html
---
2014/02/08 18:52:00 [error] [exception.CHttpException.404] exception 'CHttpException' with message 'Unable to resolve the request "upload/20140207/3675445956316038_thumb.jpg".' in /Applications/MAMP/htdocs/avene_photowall/api/framework/web/CWebApplication.php:286
Stack trace:
#0 /Applications/MAMP/htdocs/avene_photowall/api/framework/web/CWebApplication.php(141): CWebApplication->runController('upload/20140207...')
#1 /Applications/MAMP/htdocs/avene_photowall/api/framework/base/CApplication.php(180): CWebApplication->processRequest()
#2 /Applications/MAMP/htdocs/avene_photowall/api/index.php(20): CApplication->run()
#3 {main}
REQUEST_URI=/avene_photowall/api/upload/20140207/3675445956316038_thumb.jpg
HTTP_REFERER=http://localhost:8888/avene_photowall/index.html
---
2014/02/08 18:52:00 [error] [exception.CHttpException.404] exception 'CHttpException' with message 'Unable to resolve the request "upload/20140207/3675445952359200_thumb.jpg".' in /Applications/MAMP/htdocs/avene_photowall/api/framework/web/CWebApplication.php:286
Stack trace:
#0 /Applications/MAMP/htdocs/avene_photowall/api/framework/web/CWebApplication.php(141): CWebApplication->runController('upload/20140207...')
#1 /Applications/MAMP/htdocs/avene_photowall/api/framework/base/CApplication.php(180): CWebApplication->processRequest()
#2 /Applications/MAMP/htdocs/avene_photowall/api/index.php(20): CApplication->run()
#3 {main}
REQUEST_URI=/avene_photowall/api/upload/20140207/3675445952359200_thumb.jpg
HTTP_REFERER=http://localhost:8888/avene_photowall/index.html
---
2014/02/08 18:52:04 [error] [exception.CHttpException.404] exception 'CHttpException' with message 'Unable to resolve the request "upload/20140207/3675445952359175_thumb.jpg".' in /Applications/MAMP/htdocs/avene_photowall/api/framework/web/CWebApplication.php:286
Stack trace:
#0 /Applications/MAMP/htdocs/avene_photowall/api/framework/web/CWebApplication.php(141): CWebApplication->runController('upload/20140207...')
#1 /Applications/MAMP/htdocs/avene_photowall/api/framework/base/CApplication.php(180): CWebApplication->processRequest()
#2 /Applications/MAMP/htdocs/avene_photowall/api/index.php(20): CApplication->run()
#3 {main}
REQUEST_URI=/avene_photowall/api/upload/20140207/3675445952359175_thumb.jpg
HTTP_REFERER=http://localhost:8888/avene_photowall/index.html
---
2014/02/08 18:52:04 [error] [exception.CHttpException.404] exception 'CHttpException' with message 'Unable to resolve the request "upload/20140207/3675445952359200_thumb.jpg".' in /Applications/MAMP/htdocs/avene_photowall/api/framework/web/CWebApplication.php:286
Stack trace:
#0 /Applications/MAMP/htdocs/avene_photowall/api/framework/web/CWebApplication.php(141): CWebApplication->runController('upload/20140207...')
#1 /Applications/MAMP/htdocs/avene_photowall/api/framework/base/CApplication.php(180): CWebApplication->processRequest()
#2 /Applications/MAMP/htdocs/avene_photowall/api/index.php(20): CApplication->run()
#3 {main}
REQUEST_URI=/avene_photowall/api/upload/20140207/3675445952359200_thumb.jpg
HTTP_REFERER=http://localhost:8888/avene_photowall/index.html
---
2014/02/08 18:52:04 [error] [exception.CHttpException.404] exception 'CHttpException' with message 'Unable to resolve the request "upload/20140207/3675445956316038_thumb.jpg".' in /Applications/MAMP/htdocs/avene_photowall/api/framework/web/CWebApplication.php:286
Stack trace:
#0 /Applications/MAMP/htdocs/avene_photowall/api/framework/web/CWebApplication.php(141): CWebApplication->runController('upload/20140207...')
#1 /Applications/MAMP/htdocs/avene_photowall/api/framework/base/CApplication.php(180): CWebApplication->processRequest()
#2 /Applications/MAMP/htdocs/avene_photowall/api/index.php(20): CApplication->run()
#3 {main}
REQUEST_URI=/avene_photowall/api/upload/20140207/3675445956316038_thumb.jpg
HTTP_REFERER=http://localhost:8888/avene_photowall/index.html
---
2014/02/08 18:52:04 [error] [exception.CHttpException.404] exception 'CHttpException' with message 'Unable to resolve the request "upload/20140207/3675445956078898_thumb.jpg".' in /Applications/MAMP/htdocs/avene_photowall/api/framework/web/CWebApplication.php:286
Stack trace:
#0 /Applications/MAMP/htdocs/avene_photowall/api/framework/web/CWebApplication.php(141): CWebApplication->runController('upload/20140207...')
#1 /Applications/MAMP/htdocs/avene_photowall/api/framework/base/CApplication.php(180): CWebApplication->processRequest()
#2 /Applications/MAMP/htdocs/avene_photowall/api/index.php(20): CApplication->run()
#3 {main}
REQUEST_URI=/avene_photowall/api/upload/20140207/3675445956078898_thumb.jpg
HTTP_REFERER=http://localhost:8888/avene_photowall/index.html
---
2014/02/08 18:52:54 [error] [exception.CHttpException.404] exception 'CHttpException' with message 'Unable to resolve the request "upload/20140207/3675445956078898_thumb.jpg".' in /Applications/MAMP/htdocs/avene_photowall/api/framework/web/CWebApplication.php:286
Stack trace:
#0 /Applications/MAMP/htdocs/avene_photowall/api/framework/web/CWebApplication.php(141): CWebApplication->runController('upload/20140207...')
#1 /Applications/MAMP/htdocs/avene_photowall/api/framework/base/CApplication.php(180): CWebApplication->processRequest()
#2 /Applications/MAMP/htdocs/avene_photowall/api/index.php(20): CApplication->run()
#3 {main}
REQUEST_URI=/avene_photowall/api/upload/20140207/3675445956078898_thumb.jpg
HTTP_REFERER=http://localhost:8888/avene_photowall/index.html
---
2014/02/08 18:52:54 [error] [exception.CHttpException.404] exception 'CHttpException' with message 'Unable to resolve the request "upload/20140207/3675445952359175_thumb.jpg".' in /Applications/MAMP/htdocs/avene_photowall/api/framework/web/CWebApplication.php:286
Stack trace:
#0 /Applications/MAMP/htdocs/avene_photowall/api/framework/web/CWebApplication.php(141): CWebApplication->runController('upload/20140207...')
#1 /Applications/MAMP/htdocs/avene_photowall/api/framework/base/CApplication.php(180): CWebApplication->processRequest()
#2 /Applications/MAMP/htdocs/avene_photowall/api/index.php(20): CApplication->run()
#3 {main}
REQUEST_URI=/avene_photowall/api/upload/20140207/3675445952359175_thumb.jpg
HTTP_REFERER=http://localhost:8888/avene_photowall/index.html
---
2014/02/08 18:52:54 [error] [exception.CHttpException.404] exception 'CHttpException' with message 'Unable to resolve the request "upload/20140207/3675445952359200_thumb.jpg".' in /Applications/MAMP/htdocs/avene_photowall/api/framework/web/CWebApplication.php:286
Stack trace:
#0 /Applications/MAMP/htdocs/avene_photowall/api/framework/web/CWebApplication.php(141): CWebApplication->runController('upload/20140207...')
#1 /Applications/MAMP/htdocs/avene_photowall/api/framework/base/CApplication.php(180): CWebApplication->processRequest()
#2 /Applications/MAMP/htdocs/avene_photowall/api/index.php(20): CApplication->run()
#3 {main}
REQUEST_URI=/avene_photowall/api/upload/20140207/3675445952359200_thumb.jpg
HTTP_REFERER=http://localhost:8888/avene_photowall/index.html
---
2014/02/08 18:52:54 [error] [exception.CHttpException.404] exception 'CHttpException' with message 'Unable to resolve the request "upload/20140207/3675445956316038_thumb.jpg".' in /Applications/MAMP/htdocs/avene_photowall/api/framework/web/CWebApplication.php:286
Stack trace:
#0 /Applications/MAMP/htdocs/avene_photowall/api/framework/web/CWebApplication.php(141): CWebApplication->runController('upload/20140207...')
#1 /Applications/MAMP/htdocs/avene_photowall/api/framework/base/CApplication.php(180): CWebApplication->processRequest()
#2 /Applications/MAMP/htdocs/avene_photowall/api/index.php(20): CApplication->run()
#3 {main}
REQUEST_URI=/avene_photowall/api/upload/20140207/3675445956316038_thumb.jpg
HTTP_REFERER=http://localhost:8888/avene_photowall/index.html
---
2014/02/08 18:52:56 [error] [exception.CHttpException.404] exception 'CHttpException' with message 'Unable to resolve the request "upload/20140207/3675445952359200_thumb.jpg".' in /Applications/MAMP/htdocs/avene_photowall/api/framework/web/CWebApplication.php:286
Stack trace:
#0 /Applications/MAMP/htdocs/avene_photowall/api/framework/web/CWebApplication.php(141): CWebApplication->runController('upload/20140207...')
#1 /Applications/MAMP/htdocs/avene_photowall/api/framework/base/CApplication.php(180): CWebApplication->processRequest()
#2 /Applications/MAMP/htdocs/avene_photowall/api/index.php(20): CApplication->run()
#3 {main}
REQUEST_URI=/avene_photowall/api/upload/20140207/3675445952359200_thumb.jpg
HTTP_REFERER=http://localhost:8888/avene_photowall/index.html
---
2014/02/08 18:52:56 [error] [exception.CHttpException.404] exception 'CHttpException' with message 'Unable to resolve the request "upload/20140207/3675445956078898_thumb.jpg".' in /Applications/MAMP/htdocs/avene_photowall/api/framework/web/CWebApplication.php:286
Stack trace:
#0 /Applications/MAMP/htdocs/avene_photowall/api/framework/web/CWebApplication.php(141): CWebApplication->runController('upload/20140207...')
#1 /Applications/MAMP/htdocs/avene_photowall/api/framework/base/CApplication.php(180): CWebApplication->processRequest()
#2 /Applications/MAMP/htdocs/avene_photowall/api/index.php(20): CApplication->run()
#3 {main}
REQUEST_URI=/avene_photowall/api/upload/20140207/3675445956078898_thumb.jpg
HTTP_REFERER=http://localhost:8888/avene_photowall/index.html
---
2014/02/08 18:52:56 [error] [exception.CHttpException.404] exception 'CHttpException' with message 'Unable to resolve the request "upload/20140207/3675445952359175_thumb.jpg".' in /Applications/MAMP/htdocs/avene_photowall/api/framework/web/CWebApplication.php:286
Stack trace:
#0 /Applications/MAMP/htdocs/avene_photowall/api/framework/web/CWebApplication.php(141): CWebApplication->runController('upload/20140207...')
#1 /Applications/MAMP/htdocs/avene_photowall/api/framework/base/CApplication.php(180): CWebApplication->processRequest()
#2 /Applications/MAMP/htdocs/avene_photowall/api/index.php(20): CApplication->run()
#3 {main}
REQUEST_URI=/avene_photowall/api/upload/20140207/3675445952359175_thumb.jpg
HTTP_REFERER=http://localhost:8888/avene_photowall/index.html
---
2014/02/08 18:52:56 [error] [exception.CHttpException.404] exception 'CHttpException' with message 'Unable to resolve the request "upload/20140207/3675445956316038_thumb.jpg".' in /Applications/MAMP/htdocs/avene_photowall/api/framework/web/CWebApplication.php:286
Stack trace:
#0 /Applications/MAMP/htdocs/avene_photowall/api/framework/web/CWebApplication.php(141): CWebApplication->runController('upload/20140207...')
#1 /Applications/MAMP/htdocs/avene_photowall/api/framework/base/CApplication.php(180): CWebApplication->processRequest()
#2 /Applications/MAMP/htdocs/avene_photowall/api/index.php(20): CApplication->run()
#3 {main}
REQUEST_URI=/avene_photowall/api/upload/20140207/3675445956316038_thumb.jpg
HTTP_REFERER=http://localhost:8888/avene_photowall/index.html
---
2014/02/08 18:53:04 [error] [exception.CHttpException.404] exception 'CHttpException' with message 'Unable to resolve the request "upload/20140207/3675445952359175_thumb.jpg".' in /Applications/MAMP/htdocs/avene_photowall/api/framework/web/CWebApplication.php:286
Stack trace:
#0 /Applications/MAMP/htdocs/avene_photowall/api/framework/web/CWebApplication.php(141): CWebApplication->runController('upload/20140207...')
#1 /Applications/MAMP/htdocs/avene_photowall/api/framework/base/CApplication.php(180): CWebApplication->processRequest()
#2 /Applications/MAMP/htdocs/avene_photowall/api/index.php(20): CApplication->run()
#3 {main}
REQUEST_URI=/avene_photowall/api/upload/20140207/3675445952359175_thumb.jpg
HTTP_REFERER=http://localhost:8888/avene_photowall/index.html
---
2014/02/08 18:53:04 [error] [exception.CHttpException.404] exception 'CHttpException' with message 'Unable to resolve the request "upload/20140207/3675445956316038_thumb.jpg".' in /Applications/MAMP/htdocs/avene_photowall/api/framework/web/CWebApplication.php:286
Stack trace:
#0 /Applications/MAMP/htdocs/avene_photowall/api/framework/web/CWebApplication.php(141): CWebApplication->runController('upload/20140207...')
#1 /Applications/MAMP/htdocs/avene_photowall/api/framework/base/CApplication.php(180): CWebApplication->processRequest()
#2 /Applications/MAMP/htdocs/avene_photowall/api/index.php(20): CApplication->run()
#3 {main}
REQUEST_URI=/avene_photowall/api/upload/20140207/3675445956316038_thumb.jpg
HTTP_REFERER=http://localhost:8888/avene_photowall/index.html
---
2014/02/08 18:53:04 [error] [exception.CHttpException.404] exception 'CHttpException' with message 'Unable to resolve the request "upload/20140207/3675445956078898_thumb.jpg".' in /Applications/MAMP/htdocs/avene_photowall/api/framework/web/CWebApplication.php:286
Stack trace:
#0 /Applications/MAMP/htdocs/avene_photowall/api/framework/web/CWebApplication.php(141): CWebApplication->runController('upload/20140207...')
#1 /Applications/MAMP/htdocs/avene_photowall/api/framework/base/CApplication.php(180): CWebApplication->processRequest()
#2 /Applications/MAMP/htdocs/avene_photowall/api/index.php(20): CApplication->run()
#3 {main}
REQUEST_URI=/avene_photowall/api/upload/20140207/3675445956078898_thumb.jpg
HTTP_REFERER=http://localhost:8888/avene_photowall/index.html
---
2014/02/08 18:53:04 [error] [exception.CHttpException.404] exception 'CHttpException' with message 'Unable to resolve the request "upload/20140207/3675445952359200_thumb.jpg".' in /Applications/MAMP/htdocs/avene_photowall/api/framework/web/CWebApplication.php:286
Stack trace:
#0 /Applications/MAMP/htdocs/avene_photowall/api/framework/web/CWebApplication.php(141): CWebApplication->runController('upload/20140207...')
#1 /Applications/MAMP/htdocs/avene_photowall/api/framework/base/CApplication.php(180): CWebApplication->processRequest()
#2 /Applications/MAMP/htdocs/avene_photowall/api/index.php(20): CApplication->run()
#3 {main}
REQUEST_URI=/avene_photowall/api/upload/20140207/3675445952359200_thumb.jpg
HTTP_REFERER=http://localhost:8888/avene_photowall/index.html
---
2014/02/08 18:53:06 [error] [exception.CHttpException.404] exception 'CHttpException' with message 'Unable to resolve the request "upload/20140207/3675445952359175_thumb.jpg".' in /Applications/MAMP/htdocs/avene_photowall/api/framework/web/CWebApplication.php:286
Stack trace:
#0 /Applications/MAMP/htdocs/avene_photowall/api/framework/web/CWebApplication.php(141): CWebApplication->runController('upload/20140207...')
#1 /Applications/MAMP/htdocs/avene_photowall/api/framework/base/CApplication.php(180): CWebApplication->processRequest()
#2 /Applications/MAMP/htdocs/avene_photowall/api/index.php(20): CApplication->run()
#3 {main}
REQUEST_URI=/avene_photowall/api/upload/20140207/3675445952359175_thumb.jpg
HTTP_REFERER=http://localhost:8888/avene_photowall/index.html
---
2014/02/08 18:53:06 [error] [exception.CHttpException.404] exception 'CHttpException' with message 'Unable to resolve the request "upload/20140207/3675445952359200_thumb.jpg".' in /Applications/MAMP/htdocs/avene_photowall/api/framework/web/CWebApplication.php:286
Stack trace:
#0 /Applications/MAMP/htdocs/avene_photowall/api/framework/web/CWebApplication.php(141): CWebApplication->runController('upload/20140207...')
#1 /Applications/MAMP/htdocs/avene_photowall/api/framework/base/CApplication.php(180): CWebApplication->processRequest()
#2 /Applications/MAMP/htdocs/avene_photowall/api/index.php(20): CApplication->run()
#3 {main}
REQUEST_URI=/avene_photowall/api/upload/20140207/3675445952359200_thumb.jpg
HTTP_REFERER=http://localhost:8888/avene_photowall/index.html
---
2014/02/08 18:53:06 [error] [exception.CHttpException.404] exception 'CHttpException' with message 'Unable to resolve the request "upload/20140207/3675445956316038_thumb.jpg".' in /Applications/MAMP/htdocs/avene_photowall/api/framework/web/CWebApplication.php:286
Stack trace:
#0 /Applications/MAMP/htdocs/avene_photowall/api/framework/web/CWebApplication.php(141): CWebApplication->runController('upload/20140207...')
#1 /Applications/MAMP/htdocs/avene_photowall/api/framework/base/CApplication.php(180): CWebApplication->processRequest()
#2 /Applications/MAMP/htdocs/avene_photowall/api/index.php(20): CApplication->run()
#3 {main}
REQUEST_URI=/avene_photowall/api/upload/20140207/3675445956316038_thumb.jpg
HTTP_REFERER=http://localhost:8888/avene_photowall/index.html
---
2014/02/08 18:53:06 [error] [exception.CHttpException.404] exception 'CHttpException' with message 'Unable to resolve the request "upload/20140207/3675445956078898_thumb.jpg".' in /Applications/MAMP/htdocs/avene_photowall/api/framework/web/CWebApplication.php:286
Stack trace:
#0 /Applications/MAMP/htdocs/avene_photowall/api/framework/web/CWebApplication.php(141): CWebApplication->runController('upload/20140207...')
#1 /Applications/MAMP/htdocs/avene_photowall/api/framework/base/CApplication.php(180): CWebApplication->processRequest()
#2 /Applications/MAMP/htdocs/avene_photowall/api/index.php(20): CApplication->run()
#3 {main}
REQUEST_URI=/avene_photowall/api/upload/20140207/3675445956078898_thumb.jpg
HTTP_REFERER=http://localhost:8888/avene_photowall/index.html
---
2014/02/08 18:54:21 [error] [exception.CHttpException.404] exception 'CHttpException' with message 'Unable to resolve the request "upload/20140207/3675445952359175_thumb.jpg".' in /Applications/MAMP/htdocs/avene_photowall/api/framework/web/CWebApplication.php:286
Stack trace:
#0 /Applications/MAMP/htdocs/avene_photowall/api/framework/web/CWebApplication.php(141): CWebApplication->runController('upload/20140207...')
#1 /Applications/MAMP/htdocs/avene_photowall/api/framework/base/CApplication.php(180): CWebApplication->processRequest()
#2 /Applications/MAMP/htdocs/avene_photowall/api/index.php(20): CApplication->run()
#3 {main}
REQUEST_URI=/avene_photowall/api/upload/20140207/3675445952359175_thumb.jpg
HTTP_REFERER=http://localhost:8888/avene_photowall/index.html
---
2014/02/08 18:54:21 [error] [exception.CHttpException.404] exception 'CHttpException' with message 'Unable to resolve the request "upload/20140207/3675445956316038_thumb.jpg".' in /Applications/MAMP/htdocs/avene_photowall/api/framework/web/CWebApplication.php:286
Stack trace:
#0 /Applications/MAMP/htdocs/avene_photowall/api/framework/web/CWebApplication.php(141): CWebApplication->runController('upload/20140207...')
#1 /Applications/MAMP/htdocs/avene_photowall/api/framework/base/CApplication.php(180): CWebApplication->processRequest()
#2 /Applications/MAMP/htdocs/avene_photowall/api/index.php(20): CApplication->run()
#3 {main}
REQUEST_URI=/avene_photowall/api/upload/20140207/3675445956316038_thumb.jpg
HTTP_REFERER=http://localhost:8888/avene_photowall/index.html
---
2014/02/08 18:54:21 [error] [exception.CHttpException.404] exception 'CHttpException' with message 'Unable to resolve the request "upload/20140207/3675445952359200_thumb.jpg".' in /Applications/MAMP/htdocs/avene_photowall/api/framework/web/CWebApplication.php:286
Stack trace:
#0 /Applications/MAMP/htdocs/avene_photowall/api/framework/web/CWebApplication.php(141): CWebApplication->runController('upload/20140207...')
#1 /Applications/MAMP/htdocs/avene_photowall/api/framework/base/CApplication.php(180): CWebApplication->processRequest()
#2 /Applications/MAMP/htdocs/avene_photowall/api/index.php(20): CApplication->run()
#3 {main}
REQUEST_URI=/avene_photowall/api/upload/20140207/3675445952359200_thumb.jpg
HTTP_REFERER=http://localhost:8888/avene_photowall/index.html
---
2014/02/08 18:54:21 [error] [exception.CHttpException.404] exception 'CHttpException' with message 'Unable to resolve the request "upload/20140207/3675445956078898_thumb.jpg".' in /Applications/MAMP/htdocs/avene_photowall/api/framework/web/CWebApplication.php:286
Stack trace:
#0 /Applications/MAMP/htdocs/avene_photowall/api/framework/web/CWebApplication.php(141): CWebApplication->runController('upload/20140207...')
#1 /Applications/MAMP/htdocs/avene_photowall/api/framework/base/CApplication.php(180): CWebApplication->processRequest()
#2 /Applications/MAMP/htdocs/avene_photowall/api/index.php(20): CApplication->run()
#3 {main}
REQUEST_URI=/avene_photowall/api/upload/20140207/3675445956078898_thumb.jpg
HTTP_REFERER=http://localhost:8888/avene_photowall/index.html
---
2014/02/08 18:54:30 [error] [exception.CHttpException.404] exception 'CHttpException' with message 'Unable to resolve the request "upload/20140207/3675445952359175_thumb.jpg".' in /Applications/MAMP/htdocs/avene_photowall/api/framework/web/CWebApplication.php:286
Stack trace:
#0 /Applications/MAMP/htdocs/avene_photowall/api/framework/web/CWebApplication.php(141): CWebApplication->runController('upload/20140207...')
#1 /Applications/MAMP/htdocs/avene_photowall/api/framework/base/CApplication.php(180): CWebApplication->processRequest()
#2 /Applications/MAMP/htdocs/avene_photowall/api/index.php(20): CApplication->run()
#3 {main}
REQUEST_URI=/avene_photowall/api/upload/20140207/3675445952359175_thumb.jpg
HTTP_REFERER=http://localhost:8888/avene_photowall/index.html
---
2014/02/08 18:54:30 [error] [exception.CHttpException.404] exception 'CHttpException' with message 'Unable to resolve the request "upload/20140207/3675445956078898_thumb.jpg".' in /Applications/MAMP/htdocs/avene_photowall/api/framework/web/CWebApplication.php:286
Stack trace:
#0 /Applications/MAMP/htdocs/avene_photowall/api/framework/web/CWebApplication.php(141): CWebApplication->runController('upload/20140207...')
#1 /Applications/MAMP/htdocs/avene_photowall/api/framework/base/CApplication.php(180): CWebApplication->processRequest()
#2 /Applications/MAMP/htdocs/avene_photowall/api/index.php(20): CApplication->run()
#3 {main}
REQUEST_URI=/avene_photowall/api/upload/20140207/3675445956078898_thumb.jpg
HTTP_REFERER=http://localhost:8888/avene_photowall/index.html
---
2014/02/08 18:54:30 [error] [exception.CHttpException.404] exception 'CHttpException' with message 'Unable to resolve the request "upload/20140207/3675445952359200_thumb.jpg".' in /Applications/MAMP/htdocs/avene_photowall/api/framework/web/CWebApplication.php:286
Stack trace:
#0 /Applications/MAMP/htdocs/avene_photowall/api/framework/web/CWebApplication.php(141): CWebApplication->runController('upload/20140207...')
#1 /Applications/MAMP/htdocs/avene_photowall/api/framework/base/CApplication.php(180): CWebApplication->processRequest()
#2 /Applications/MAMP/htdocs/avene_photowall/api/index.php(20): CApplication->run()
#3 {main}
REQUEST_URI=/avene_photowall/api/upload/20140207/3675445952359200_thumb.jpg
HTTP_REFERER=http://localhost:8888/avene_photowall/index.html
---
2014/02/08 18:54:30 [error] [exception.CHttpException.404] exception 'CHttpException' with message 'Unable to resolve the request "upload/20140207/3675445956316038_thumb.jpg".' in /Applications/MAMP/htdocs/avene_photowall/api/framework/web/CWebApplication.php:286
Stack trace:
#0 /Applications/MAMP/htdocs/avene_photowall/api/framework/web/CWebApplication.php(141): CWebApplication->runController('upload/20140207...')
#1 /Applications/MAMP/htdocs/avene_photowall/api/framework/base/CApplication.php(180): CWebApplication->processRequest()
#2 /Applications/MAMP/htdocs/avene_photowall/api/index.php(20): CApplication->run()
#3 {main}
REQUEST_URI=/avene_photowall/api/upload/20140207/3675445956316038_thumb.jpg
HTTP_REFERER=http://localhost:8888/avene_photowall/index.html
---
2014/02/08 18:55:05 [error] [exception.CHttpException.404] exception 'CHttpException' with message 'Unable to resolve the request "upload/20140207/3675445956078898_thumb.jpg".' in /Applications/MAMP/htdocs/avene_photowall/api/framework/web/CWebApplication.php:286
Stack trace:
#0 /Applications/MAMP/htdocs/avene_photowall/api/framework/web/CWebApplication.php(141): CWebApplication->runController('upload/20140207...')
#1 /Applications/MAMP/htdocs/avene_photowall/api/framework/base/CApplication.php(180): CWebApplication->processRequest()
#2 /Applications/MAMP/htdocs/avene_photowall/api/index.php(20): CApplication->run()
#3 {main}
REQUEST_URI=/avene_photowall/api/upload/20140207/3675445956078898_thumb.jpg
HTTP_REFERER=http://localhost:8888/avene_photowall/index.html
---
2014/02/08 18:55:05 [error] [exception.CHttpException.404] exception 'CHttpException' with message 'Unable to resolve the request "upload/20140207/3675445952359175_thumb.jpg".' in /Applications/MAMP/htdocs/avene_photowall/api/framework/web/CWebApplication.php:286
Stack trace:
#0 /Applications/MAMP/htdocs/avene_photowall/api/framework/web/CWebApplication.php(141): CWebApplication->runController('upload/20140207...')
#1 /Applications/MAMP/htdocs/avene_photowall/api/framework/base/CApplication.php(180): CWebApplication->processRequest()
#2 /Applications/MAMP/htdocs/avene_photowall/api/index.php(20): CApplication->run()
#3 {main}
REQUEST_URI=/avene_photowall/api/upload/20140207/3675445952359175_thumb.jpg
HTTP_REFERER=http://localhost:8888/avene_photowall/index.html
---
2014/02/08 18:55:05 [error] [exception.CHttpException.404] exception 'CHttpException' with message 'Unable to resolve the request "upload/20140207/3675445952359200_thumb.jpg".' in /Applications/MAMP/htdocs/avene_photowall/api/framework/web/CWebApplication.php:286
Stack trace:
#0 /Applications/MAMP/htdocs/avene_photowall/api/framework/web/CWebApplication.php(141): CWebApplication->runController('upload/20140207...')
#1 /Applications/MAMP/htdocs/avene_photowall/api/framework/base/CApplication.php(180): CWebApplication->processRequest()
#2 /Applications/MAMP/htdocs/avene_photowall/api/index.php(20): CApplication->run()
#3 {main}
REQUEST_URI=/avene_photowall/api/upload/20140207/3675445952359200_thumb.jpg
HTTP_REFERER=http://localhost:8888/avene_photowall/index.html
---
2014/02/08 18:55:05 [error] [exception.CHttpException.404] exception 'CHttpException' with message 'Unable to resolve the request "upload/20140207/3675445956316038_thumb.jpg".' in /Applications/MAMP/htdocs/avene_photowall/api/framework/web/CWebApplication.php:286
Stack trace:
#0 /Applications/MAMP/htdocs/avene_photowall/api/framework/web/CWebApplication.php(141): CWebApplication->runController('upload/20140207...')
#1 /Applications/MAMP/htdocs/avene_photowall/api/framework/base/CApplication.php(180): CWebApplication->processRequest()
#2 /Applications/MAMP/htdocs/avene_photowall/api/index.php(20): CApplication->run()
#3 {main}
REQUEST_URI=/avene_photowall/api/upload/20140207/3675445956316038_thumb.jpg
HTTP_REFERER=http://localhost:8888/avene_photowall/index.html
---
2014/02/08 18:55:25 [error] [exception.CHttpException.404] exception 'CHttpException' with message 'Unable to resolve the request "upload/20140207/3675445952359200_thumb.jpg".' in /Applications/MAMP/htdocs/avene_photowall/api/framework/web/CWebApplication.php:286
Stack trace:
#0 /Applications/MAMP/htdocs/avene_photowall/api/framework/web/CWebApplication.php(141): CWebApplication->runController('upload/20140207...')
#1 /Applications/MAMP/htdocs/avene_photowall/api/framework/base/CApplication.php(180): CWebApplication->processRequest()
#2 /Applications/MAMP/htdocs/avene_photowall/api/index.php(20): CApplication->run()
#3 {main}
REQUEST_URI=/avene_photowall/api/upload/20140207/3675445952359200_thumb.jpg
HTTP_REFERER=http://localhost:8888/avene_photowall/index.html
---
2014/02/08 18:55:25 [error] [exception.CHttpException.404] exception 'CHttpException' with message 'Unable to resolve the request "upload/20140207/3675445956316038_thumb.jpg".' in /Applications/MAMP/htdocs/avene_photowall/api/framework/web/CWebApplication.php:286
Stack trace:
#0 /Applications/MAMP/htdocs/avene_photowall/api/framework/web/CWebApplication.php(141): CWebApplication->runController('upload/20140207...')
#1 /Applications/MAMP/htdocs/avene_photowall/api/framework/base/CApplication.php(180): CWebApplication->processRequest()
#2 /Applications/MAMP/htdocs/avene_photowall/api/index.php(20): CApplication->run()
#3 {main}
REQUEST_URI=/avene_photowall/api/upload/20140207/3675445956316038_thumb.jpg
HTTP_REFERER=http://localhost:8888/avene_photowall/index.html
---
2014/02/08 18:55:25 [error] [exception.CHttpException.404] exception 'CHttpException' with message 'Unable to resolve the request "upload/20140207/3675445952359175_thumb.jpg".' in /Applications/MAMP/htdocs/avene_photowall/api/framework/web/CWebApplication.php:286
Stack trace:
#0 /Applications/MAMP/htdocs/avene_photowall/api/framework/web/CWebApplication.php(141): CWebApplication->runController('upload/20140207...')
#1 /Applications/MAMP/htdocs/avene_photowall/api/framework/base/CApplication.php(180): CWebApplication->processRequest()
#2 /Applications/MAMP/htdocs/avene_photowall/api/index.php(20): CApplication->run()
#3 {main}
REQUEST_URI=/avene_photowall/api/upload/20140207/3675445952359175_thumb.jpg
HTTP_REFERER=http://localhost:8888/avene_photowall/index.html
---
2014/02/08 18:55:25 [error] [exception.CHttpException.404] exception 'CHttpException' with message 'Unable to resolve the request "upload/20140207/3675445956078898_thumb.jpg".' in /Applications/MAMP/htdocs/avene_photowall/api/framework/web/CWebApplication.php:286
Stack trace:
#0 /Applications/MAMP/htdocs/avene_photowall/api/framework/web/CWebApplication.php(141): CWebApplication->runController('upload/20140207...')
#1 /Applications/MAMP/htdocs/avene_photowall/api/framework/base/CApplication.php(180): CWebApplication->processRequest()
#2 /Applications/MAMP/htdocs/avene_photowall/api/index.php(20): CApplication->run()
#3 {main}
REQUEST_URI=/avene_photowall/api/upload/20140207/3675445956078898_thumb.jpg
HTTP_REFERER=http://localhost:8888/avene_photowall/index.html
---
2014/02/08 18:55:42 [error] [exception.CHttpException.404] exception 'CHttpException' with message 'Unable to resolve the request "upload/20140207/3675445956316038_thumb.jpg".' in /Applications/MAMP/htdocs/avene_photowall/api/framework/web/CWebApplication.php:286
Stack trace:
#0 /Applications/MAMP/htdocs/avene_photowall/api/framework/web/CWebApplication.php(141): CWebApplication->runController('upload/20140207...')
#1 /Applications/MAMP/htdocs/avene_photowall/api/framework/base/CApplication.php(180): CWebApplication->processRequest()
#2 /Applications/MAMP/htdocs/avene_photowall/api/index.php(20): CApplication->run()
#3 {main}
REQUEST_URI=/avene_photowall/api/upload/20140207/3675445956316038_thumb.jpg
HTTP_REFERER=http://localhost:8888/avene_photowall/index.html
---
2014/02/08 18:55:42 [error] [exception.CHttpException.404] exception 'CHttpException' with message 'Unable to resolve the request "upload/20140207/3675445956078898_thumb.jpg".' in /Applications/MAMP/htdocs/avene_photowall/api/framework/web/CWebApplication.php:286
Stack trace:
#0 /Applications/MAMP/htdocs/avene_photowall/api/framework/web/CWebApplication.php(141): CWebApplication->runController('upload/20140207...')
#1 /Applications/MAMP/htdocs/avene_photowall/api/framework/base/CApplication.php(180): CWebApplication->processRequest()
#2 /Applications/MAMP/htdocs/avene_photowall/api/index.php(20): CApplication->run()
#3 {main}
REQUEST_URI=/avene_photowall/api/upload/20140207/3675445956078898_thumb.jpg
HTTP_REFERER=http://localhost:8888/avene_photowall/index.html
---
2014/02/08 18:55:42 [error] [exception.CHttpException.404] exception 'CHttpException' with message 'Unable to resolve the request "upload/20140207/3675445952359200_thumb.jpg".' in /Applications/MAMP/htdocs/avene_photowall/api/framework/web/CWebApplication.php:286
Stack trace:
#0 /Applications/MAMP/htdocs/avene_photowall/api/framework/web/CWebApplication.php(141): CWebApplication->runController('upload/20140207...')
#1 /Applications/MAMP/htdocs/avene_photowall/api/framework/base/CApplication.php(180): CWebApplication->processRequest()
#2 /Applications/MAMP/htdocs/avene_photowall/api/index.php(20): CApplication->run()
#3 {main}
REQUEST_URI=/avene_photowall/api/upload/20140207/3675445952359200_thumb.jpg
HTTP_REFERER=http://localhost:8888/avene_photowall/index.html
---
2014/02/08 18:55:42 [error] [exception.CHttpException.404] exception 'CHttpException' with message 'Unable to resolve the request "upload/20140207/3675445952359175_thumb.jpg".' in /Applications/MAMP/htdocs/avene_photowall/api/framework/web/CWebApplication.php:286
Stack trace:
#0 /Applications/MAMP/htdocs/avene_photowall/api/framework/web/CWebApplication.php(141): CWebApplication->runController('upload/20140207...')
#1 /Applications/MAMP/htdocs/avene_photowall/api/framework/base/CApplication.php(180): CWebApplication->processRequest()
#2 /Applications/MAMP/htdocs/avene_photowall/api/index.php(20): CApplication->run()
#3 {main}
REQUEST_URI=/avene_photowall/api/upload/20140207/3675445952359175_thumb.jpg
HTTP_REFERER=http://localhost:8888/avene_photowall/index.html
---
2014/02/08 18:55:48 [error] [exception.CHttpException.404] exception 'CHttpException' with message 'Unable to resolve the request "upload/20140207/3675445956316038_thumb.jpg".' in /Applications/MAMP/htdocs/avene_photowall/api/framework/web/CWebApplication.php:286
Stack trace:
#0 /Applications/MAMP/htdocs/avene_photowall/api/framework/web/CWebApplication.php(141): CWebApplication->runController('upload/20140207...')
#1 /Applications/MAMP/htdocs/avene_photowall/api/framework/base/CApplication.php(180): CWebApplication->processRequest()
#2 /Applications/MAMP/htdocs/avene_photowall/api/index.php(20): CApplication->run()
#3 {main}
REQUEST_URI=/avene_photowall/api/upload/20140207/3675445956316038_thumb.jpg
HTTP_REFERER=http://localhost:8888/avene_photowall/index.html
---
2014/02/08 18:55:49 [error] [exception.CHttpException.404] exception 'CHttpException' with message 'Unable to resolve the request "upload/20140207/3675445952359175_thumb.jpg".' in /Applications/MAMP/htdocs/avene_photowall/api/framework/web/CWebApplication.php:286
Stack trace:
#0 /Applications/MAMP/htdocs/avene_photowall/api/framework/web/CWebApplication.php(141): CWebApplication->runController('upload/20140207...')
#1 /Applications/MAMP/htdocs/avene_photowall/api/framework/base/CApplication.php(180): CWebApplication->processRequest()
#2 /Applications/MAMP/htdocs/avene_photowall/api/index.php(20): CApplication->run()
#3 {main}
REQUEST_URI=/avene_photowall/api/upload/20140207/3675445952359175_thumb.jpg
HTTP_REFERER=http://localhost:8888/avene_photowall/index.html
---
2014/02/08 18:55:49 [error] [exception.CHttpException.404] exception 'CHttpException' with message 'Unable to resolve the request "upload/20140207/3675445956078898_thumb.jpg".' in /Applications/MAMP/htdocs/avene_photowall/api/framework/web/CWebApplication.php:286
Stack trace:
#0 /Applications/MAMP/htdocs/avene_photowall/api/framework/web/CWebApplication.php(141): CWebApplication->runController('upload/20140207...')
#1 /Applications/MAMP/htdocs/avene_photowall/api/framework/base/CApplication.php(180): CWebApplication->processRequest()
#2 /Applications/MAMP/htdocs/avene_photowall/api/index.php(20): CApplication->run()
#3 {main}
REQUEST_URI=/avene_photowall/api/upload/20140207/3675445956078898_thumb.jpg
HTTP_REFERER=http://localhost:8888/avene_photowall/index.html
---
2014/02/08 18:55:49 [error] [exception.CHttpException.404] exception 'CHttpException' with message 'Unable to resolve the request "upload/20140207/3675445952359200_thumb.jpg".' in /Applications/MAMP/htdocs/avene_photowall/api/framework/web/CWebApplication.php:286
Stack trace:
#0 /Applications/MAMP/htdocs/avene_photowall/api/framework/web/CWebApplication.php(141): CWebApplication->runController('upload/20140207...')
#1 /Applications/MAMP/htdocs/avene_photowall/api/framework/base/CApplication.php(180): CWebApplication->processRequest()
#2 /Applications/MAMP/htdocs/avene_photowall/api/index.php(20): CApplication->run()
#3 {main}
REQUEST_URI=/avene_photowall/api/upload/20140207/3675445952359200_thumb.jpg
HTTP_REFERER=http://localhost:8888/avene_photowall/index.html
---
2014/02/08 18:57:55 [error] [exception.CHttpException.404] exception 'CHttpException' with message 'Unable to resolve the request "upload/20140207/3675445952359175_thumb.jpg".' in /Applications/MAMP/htdocs/avene_photowall/api/framework/web/CWebApplication.php:286
Stack trace:
#0 /Applications/MAMP/htdocs/avene_photowall/api/framework/web/CWebApplication.php(141): CWebApplication->runController('upload/20140207...')
#1 /Applications/MAMP/htdocs/avene_photowall/api/framework/base/CApplication.php(180): CWebApplication->processRequest()
#2 /Applications/MAMP/htdocs/avene_photowall/api/index.php(20): CApplication->run()
#3 {main}
REQUEST_URI=/avene_photowall/api/upload/20140207/3675445952359175_thumb.jpg
HTTP_REFERER=http://localhost:8888/avene_photowall/index.html
---
2014/02/08 18:57:55 [error] [exception.CHttpException.404] exception 'CHttpException' with message 'Unable to resolve the request "upload/20140207/3675445952359200_thumb.jpg".' in /Applications/MAMP/htdocs/avene_photowall/api/framework/web/CWebApplication.php:286
Stack trace:
#0 /Applications/MAMP/htdocs/avene_photowall/api/framework/web/CWebApplication.php(141): CWebApplication->runController('upload/20140207...')
#1 /Applications/MAMP/htdocs/avene_photowall/api/framework/base/CApplication.php(180): CWebApplication->processRequest()
#2 /Applications/MAMP/htdocs/avene_photowall/api/index.php(20): CApplication->run()
#3 {main}
REQUEST_URI=/avene_photowall/api/upload/20140207/3675445952359200_thumb.jpg
HTTP_REFERER=http://localhost:8888/avene_photowall/index.html
---
2014/02/08 18:57:55 [error] [exception.CHttpException.404] exception 'CHttpException' with message 'Unable to resolve the request "upload/20140207/3675445956316038_thumb.jpg".' in /Applications/MAMP/htdocs/avene_photowall/api/framework/web/CWebApplication.php:286
Stack trace:
#0 /Applications/MAMP/htdocs/avene_photowall/api/framework/web/CWebApplication.php(141): CWebApplication->runController('upload/20140207...')
#1 /Applications/MAMP/htdocs/avene_photowall/api/framework/base/CApplication.php(180): CWebApplication->processRequest()
#2 /Applications/MAMP/htdocs/avene_photowall/api/index.php(20): CApplication->run()
#3 {main}
REQUEST_URI=/avene_photowall/api/upload/20140207/3675445956316038_thumb.jpg
HTTP_REFERER=http://localhost:8888/avene_photowall/index.html
---
2014/02/08 18:57:55 [error] [exception.CHttpException.404] exception 'CHttpException' with message 'Unable to resolve the request "upload/20140207/3675445956078898_thumb.jpg".' in /Applications/MAMP/htdocs/avene_photowall/api/framework/web/CWebApplication.php:286
Stack trace:
#0 /Applications/MAMP/htdocs/avene_photowall/api/framework/web/CWebApplication.php(141): CWebApplication->runController('upload/20140207...')
#1 /Applications/MAMP/htdocs/avene_photowall/api/framework/base/CApplication.php(180): CWebApplication->processRequest()
#2 /Applications/MAMP/htdocs/avene_photowall/api/index.php(20): CApplication->run()
#3 {main}
REQUEST_URI=/avene_photowall/api/upload/20140207/3675445956078898_thumb.jpg
HTTP_REFERER=http://localhost:8888/avene_photowall/index.html
---
2014/02/08 18:58:50 [error] [exception.CHttpException.404] exception 'CHttpException' with message 'Unable to resolve the request "upload/20140207/3675445952359175_thumb.jpg".' in /Applications/MAMP/htdocs/avene_photowall/api/framework/web/CWebApplication.php:286
Stack trace:
#0 /Applications/MAMP/htdocs/avene_photowall/api/framework/web/CWebApplication.php(141): CWebApplication->runController('upload/20140207...')
#1 /Applications/MAMP/htdocs/avene_photowall/api/framework/base/CApplication.php(180): CWebApplication->processRequest()
#2 /Applications/MAMP/htdocs/avene_photowall/api/index.php(20): CApplication->run()
#3 {main}
REQUEST_URI=/avene_photowall/api/upload/20140207/3675445952359175_thumb.jpg
HTTP_REFERER=http://localhost:8888/avene_photowall/index.html
---
2014/02/08 18:58:50 [error] [exception.CHttpException.404] exception 'CHttpException' with message 'Unable to resolve the request "upload/20140207/3675445956316038_thumb.jpg".' in /Applications/MAMP/htdocs/avene_photowall/api/framework/web/CWebApplication.php:286
Stack trace:
#0 /Applications/MAMP/htdocs/avene_photowall/api/framework/web/CWebApplication.php(141): CWebApplication->runController('upload/20140207...')
#1 /Applications/MAMP/htdocs/avene_photowall/api/framework/base/CApplication.php(180): CWebApplication->processRequest()
#2 /Applications/MAMP/htdocs/avene_photowall/api/index.php(20): CApplication->run()
#3 {main}
REQUEST_URI=/avene_photowall/api/upload/20140207/3675445956316038_thumb.jpg
HTTP_REFERER=http://localhost:8888/avene_photowall/index.html
---
2014/02/08 18:58:50 [error] [exception.CHttpException.404] exception 'CHttpException' with message 'Unable to resolve the request "upload/20140207/3675445956078898_thumb.jpg".' in /Applications/MAMP/htdocs/avene_photowall/api/framework/web/CWebApplication.php:286
Stack trace:
#0 /Applications/MAMP/htdocs/avene_photowall/api/framework/web/CWebApplication.php(141): CWebApplication->runController('upload/20140207...')
#1 /Applications/MAMP/htdocs/avene_photowall/api/framework/base/CApplication.php(180): CWebApplication->processRequest()
#2 /Applications/MAMP/htdocs/avene_photowall/api/index.php(20): CApplication->run()
#3 {main}
REQUEST_URI=/avene_photowall/api/upload/20140207/3675445956078898_thumb.jpg
HTTP_REFERER=http://localhost:8888/avene_photowall/index.html
---
2014/02/08 18:58:50 [error] [exception.CHttpException.404] exception 'CHttpException' with message 'Unable to resolve the request "upload/20140207/3675445952359200_thumb.jpg".' in /Applications/MAMP/htdocs/avene_photowall/api/framework/web/CWebApplication.php:286
Stack trace:
#0 /Applications/MAMP/htdocs/avene_photowall/api/framework/web/CWebApplication.php(141): CWebApplication->runController('upload/20140207...')
#1 /Applications/MAMP/htdocs/avene_photowall/api/framework/base/CApplication.php(180): CWebApplication->processRequest()
#2 /Applications/MAMP/htdocs/avene_photowall/api/index.php(20): CApplication->run()
#3 {main}
REQUEST_URI=/avene_photowall/api/upload/20140207/3675445952359200_thumb.jpg
HTTP_REFERER=http://localhost:8888/avene_photowall/index.html
---
2014/02/08 19:00:09 [error] [exception.CHttpException.404] exception 'CHttpException' with message 'The system is unable to find the requested action "{{photo.image | thumbnail}}".' in /Applications/MAMP/htdocs/avene_photowall/api/framework/web/CController.php:483
Stack trace:
#0 /Applications/MAMP/htdocs/avene_photowall/api/framework/web/CController.php(270): CController->missingAction('{{photo.image |...')
#1 /Applications/MAMP/htdocs/avene_photowall/api/framework/web/CWebApplication.php(282): CController->run('{{photo.image |...')
#2 /Applications/MAMP/htdocs/avene_photowall/api/framework/web/CWebApplication.php(141): CWebApplication->runController('admin/{{photo.i...')
#3 /Applications/MAMP/htdocs/avene_photowall/api/framework/base/CApplication.php(180): CWebApplication->processRequest()
#4 /Applications/MAMP/htdocs/avene_photowall/api/index.php(20): CApplication->run()
#5 {main}
REQUEST_URI=/avene_photowall/api/admin/%7B%7Bphoto.image%20|%20thumbnail%7D%7D
HTTP_REFERER=http://localhost:8888/avene_photowall/api/admin/
---
